<?xml version="1.0" encoding="UTF-8"?>
<!-- Generated by org.testng.reporters.JUnitReportReporter -->
<testsuite hostname="DESKTOP-G5NB928" failures="0" tests="1" name="sahebraochavanautomation.Tests.Day37standAloneTestError" time="0.847" errors="0" timestamp="2024-02-05T08:15:47 IST" skipped="0">
  <testcase classname="sahebraochavanautomation.Tests.Day37standAloneTestError" name="submitOrderError" time="0.847"/>
</testsuite> <!-- sahebraochavanautomation.Tests.Day37standAloneTestError -->
